[2023-05-23T13:29:11.493] [DEBUG] cheese - login => username:admin,password:123456
[2023-05-23T13:29:11.495] [DEBUG] cheese - admin
[2023-05-23T13:29:11.509] [DEBUG] cheese - null
[2023-05-23T13:29:11.510] [DEBUG] cheese - null
[2023-05-23T15:44:02.488] [DEBUG] cheese - login => username:as,password:123123
[2023-05-23T15:44:02.491] [DEBUG] cheese - as
[2023-05-23T15:44:02.539] [DEBUG] cheese - null
[2023-05-23T15:44:02.539] [DEBUG] cheese - null
[2023-05-23T15:45:50.373] [DEBUG] cheese - login => username:as,password:1212313
[2023-05-23T15:45:50.374] [DEBUG] cheese - as
[2023-05-23T15:45:50.378] [DEBUG] cheese - null
[2023-05-23T15:45:50.378] [DEBUG] cheese - null
[2023-05-23T15:45:58.359] [DEBUG] cheese - login => username:admin,password:123456
[2023-05-23T15:45:58.360] [DEBUG] cheese - admin
[2023-05-23T15:45:58.377] [DEBUG] cheese - null
[2023-05-23T15:45:58.378] [DEBUG] cheese - null
[2023-05-23T15:49:44.034] [DEBUG] cheese - login => username:asd,password:sdasdasd
[2023-05-23T15:49:44.034] [DEBUG] cheese - asd
[2023-05-23T15:49:44.038] [DEBUG] cheese - null
[2023-05-23T15:49:44.038] [DEBUG] cheese - null
[2023-05-23T15:53:19.623] [DEBUG] cheese - login => username:admin,password:123456
[2023-05-23T15:53:19.623] [DEBUG] cheese - admin
[2023-05-23T15:53:19.628] [DEBUG] cheese - null
[2023-05-23T15:53:19.629] [DEBUG] cheese - null
[2023-05-23T15:55:39.103] [DEBUG] cheese - login => username:admin,password:123456
[2023-05-23T15:55:39.103] [DEBUG] cheese - admin
[2023-05-23T15:55:39.121] [DEBUG] cheese - null
[2023-05-23T15:55:39.122] [DEBUG] cheese - null
[2023-05-23T16:02:31.551] [DEBUG] cheese - login => username:admin,password:123456
[2023-05-23T16:02:31.552] [DEBUG] cheese - admin
[2023-05-23T16:02:31.557] [DEBUG] cheese - null
[2023-05-23T16:02:31.557] [DEBUG] cheese - null
[2023-05-23T16:12:15.783] [DEBUG] cheese - login => username:admin,password:123456
[2023-05-23T16:12:15.789] [DEBUG] cheese - admin
[2023-05-23T16:12:15.793] [DEBUG] cheese - null
[2023-05-23T16:12:15.794] [DEBUG] cheese - null
[2023-05-23T17:26:32.522] [DEBUG] cheese - login => username:admin,password:123456
[2023-05-23T17:26:32.523] [DEBUG] cheese - admin
[2023-05-23T17:26:32.559] [DEBUG] cheese - null
[2023-05-23T17:26:32.559] [DEBUG] cheese - null
[2023-05-23T18:18:12.446] [DEBUG] cheese - login => username:admin,password:123456
[2023-05-23T18:18:12.449] [DEBUG] cheese - admin
[2023-05-23T18:18:12.464] [DEBUG] cheese - null
[2023-05-23T18:18:12.465] [DEBUG] cheese - null
[2023-05-23T18:31:45.798] [DEBUG] cheese - login => username:admin,password:123456
[2023-05-23T18:31:45.798] [DEBUG] cheese - admin
[2023-05-23T18:31:45.802] [DEBUG] cheese - null
[2023-05-23T18:31:45.803] [DEBUG] cheese - null
[2023-05-23T18:47:00.853] [DEBUG] cheese - login => username:admin,password:123456
[2023-05-23T18:47:00.853] [DEBUG] cheese - admin
[2023-05-23T18:47:00.862] [DEBUG] cheese - null
[2023-05-23T18:47:00.862] [DEBUG] cheese - null
[2023-05-23T18:49:09.612] [DEBUG] cheese - login => username:admin,password:123456
[2023-05-23T18:49:09.612] [DEBUG] cheese - admin
[2023-05-23T18:49:09.619] [DEBUG] cheese - null
[2023-05-23T18:49:09.619] [DEBUG] cheese - null
[2023-05-25T13:04:56.758] [DEBUG] cheese - login => username:admin,password:123456
[2023-05-25T13:04:56.759] [DEBUG] cheese - admin
[2023-05-25T13:04:56.776] [DEBUG] cheese - null
[2023-05-25T13:04:56.776] [DEBUG] cheese - null
[2023-05-25T22:43:06.667] [DEBUG] cheese - login => username:admin,password:123456
[2023-05-25T22:43:06.669] [DEBUG] cheese - admin
[2023-05-25T22:43:06.696] [DEBUG] cheese - null
[2023-05-25T22:43:06.697] [DEBUG] cheese - null
[2023-05-25T23:05:43.050] [DEBUG] cheese - login => username:admin,password:123456
[2023-05-25T23:05:43.052] [DEBUG] cheese - admin
[2023-05-25T23:05:43.076] [DEBUG] cheese - null
[2023-05-25T23:05:43.076] [DEBUG] cheese - null
[2023-05-26T12:45:12.148] [DEBUG] cheese - login => username:admin,password:123456
[2023-05-26T12:45:12.150] [DEBUG] cheese - admin
[2023-05-26T12:45:12.182] [DEBUG] cheese - null
[2023-05-26T12:45:12.182] [DEBUG] cheese - null
[2023-05-27T10:16:53.403] [DEBUG] cheese - login => username:admin,password:123456
[2023-05-27T10:16:53.406] [DEBUG] cheese - admin
[2023-05-27T10:16:53.420] [DEBUG] cheese - null
[2023-05-27T10:16:53.421] [DEBUG] cheese - null
[2023-05-27T10:17:37.993] [DEBUG] cheese - login => username:zs,password:123123
[2023-05-27T10:17:37.993] [DEBUG] cheese - zs
[2023-05-27T10:17:37.996] [DEBUG] cheese - null
[2023-05-27T10:17:37.996] [DEBUG] cheese - null
[2023-05-27T10:17:42.623] [DEBUG] cheese - login => username:zs,password:123456
[2023-05-27T10:17:42.623] [DEBUG] cheese - zs
[2023-05-27T10:17:42.625] [DEBUG] cheese - null
[2023-05-27T10:17:42.625] [DEBUG] cheese - null
[2023-05-27T10:18:06.695] [DEBUG] cheese - login => username:zs,password:123456
[2023-05-27T10:18:06.695] [DEBUG] cheese - zs
[2023-05-27T10:18:06.697] [DEBUG] cheese - null
[2023-05-27T10:18:06.697] [DEBUG] cheese - null
[2023-05-27T10:18:14.591] [DEBUG] cheese - login => username:zs,password:321321
[2023-05-27T10:18:14.592] [DEBUG] cheese - zs
[2023-05-27T10:18:14.594] [DEBUG] cheese - null
[2023-05-27T10:18:14.594] [DEBUG] cheese - null
[2023-05-27T10:18:25.289] [DEBUG] cheese - login => username:zs,password:123123
[2023-05-27T10:18:25.289] [DEBUG] cheese - zs
[2023-05-27T10:18:25.292] [DEBUG] cheese - null
[2023-05-27T10:18:25.292] [DEBUG] cheese - null
[2023-05-27T10:18:31.459] [DEBUG] cheese - login => username:admin,password:123456
[2023-05-27T10:18:31.459] [DEBUG] cheese - admin
[2023-05-27T10:18:31.462] [DEBUG] cheese - null
[2023-05-27T10:18:31.462] [DEBUG] cheese - null
[2023-05-27T12:13:13.243] [DEBUG] cheese - login => username:admin,password:123456
[2023-05-27T12:13:13.244] [DEBUG] cheese - admin
[2023-05-27T12:13:13.262] [DEBUG] cheese - null
[2023-05-27T12:13:13.263] [DEBUG] cheese - null
[2023-05-27T15:22:33.115] [DEBUG] cheese - null
[2023-05-27T15:22:47.592] [DEBUG] cheese - null
[2023-05-28T09:22:21.813] [DEBUG] cheese - login => username:admin,password:123456
[2023-05-28T09:22:21.815] [DEBUG] cheese - admin
[2023-05-28T09:22:21.844] [DEBUG] cheese - null
[2023-05-28T09:22:21.845] [DEBUG] cheese - null
[2023-05-28T09:34:30.443] [DEBUG] cheese - login => username:admin,password:123456
[2023-05-28T09:34:30.446] [DEBUG] cheese - admin
[2023-05-28T09:34:30.452] [DEBUG] cheese - null
[2023-05-28T09:34:30.452] [DEBUG] cheese - null
[2023-05-28T17:54:28.979] [DEBUG] cheese - login => username:admin,password:123456
[2023-05-28T17:54:28.986] [DEBUG] cheese - admin
[2023-05-28T17:54:28.996] [DEBUG] cheese - null
[2023-05-28T17:54:28.997] [DEBUG] cheese - null
[2023-05-28T18:53:26.741] [DEBUG] cheese - login => username:admin,password:123456
[2023-05-28T18:53:26.744] [DEBUG] cheese - admin
[2023-05-28T18:53:26.750] [DEBUG] cheese - null
[2023-05-28T18:53:26.751] [DEBUG] cheese - null
[2023-05-28T19:08:55.644] [DEBUG] cheese - login => username:admin,password:123456
[2023-05-28T19:08:55.658] [DEBUG] cheese - admin
[2023-05-28T19:08:55.665] [DEBUG] cheese - null
[2023-05-28T19:08:55.666] [DEBUG] cheese - null
[2023-05-29T09:04:59.173] [DEBUG] cheese - login => username:admin,password:123456
[2023-05-29T09:04:59.174] [DEBUG] cheese - admin
[2023-05-29T09:04:59.239] [DEBUG] cheese - null
[2023-05-29T09:04:59.240] [DEBUG] cheese - null
[2023-05-29T09:26:14.392] [DEBUG] cheese - login => username:admin,password:123456
[2023-05-29T09:26:14.394] [DEBUG] cheese - admin
[2023-05-29T09:26:14.398] [DEBUG] cheese - null
[2023-05-29T09:26:14.398] [DEBUG] cheese - null
[2023-05-29T10:33:07.334] [DEBUG] cheese - login => username:admin,password:123456
[2023-05-29T10:33:07.336] [DEBUG] cheese - admin
[2023-05-29T10:33:07.343] [DEBUG] cheese - null
[2023-05-29T10:33:07.344] [DEBUG] cheese - null
[2023-05-29T12:04:49.590] [DEBUG] cheese - login => username:admin,password:123456
[2023-05-29T12:04:49.591] [DEBUG] cheese - admin
[2023-05-29T12:04:49.616] [DEBUG] cheese - null
[2023-05-29T12:04:49.616] [DEBUG] cheese - null
[2023-05-30T15:30:31.242] [DEBUG] cheese - login => username:admin,password:123456
[2023-05-30T15:30:31.244] [DEBUG] cheese - admin
[2023-05-30T15:30:31.254] [DEBUG] cheese - null
[2023-05-30T15:30:31.255] [DEBUG] cheese - null
[2023-05-30T19:00:07.694] [DEBUG] cheese - null
[2023-05-30T19:08:03.893] [DEBUG] cheese - login => username:admin,password:123456
[2023-05-30T19:08:03.895] [DEBUG] cheese - admin
[2023-05-30T19:08:03.917] [DEBUG] cheese - null
[2023-05-30T19:08:03.917] [DEBUG] cheese - null
[2023-05-30T19:10:57.738] [DEBUG] cheese - null
[2023-05-30T19:11:37.105] [DEBUG] cheese - null
[2023-05-30T19:15:28.034] [DEBUG] cheese - login => username:admin,password:123456
[2023-05-30T19:15:28.035] [DEBUG] cheese - admin
[2023-05-30T19:15:28.050] [DEBUG] cheese - null
[2023-05-30T19:15:28.051] [DEBUG] cheese - null
[2023-05-30T19:18:12.930] [DEBUG] cheese - null
[2023-05-30T19:19:50.379] [DEBUG] cheese - null
[2023-05-30T19:24:49.538] [DEBUG] cheese - null
[2023-05-30T19:26:48.317] [DEBUG] cheese - login => username:admin,password:123456
[2023-05-30T19:26:48.318] [DEBUG] cheese - admin
[2023-05-30T19:26:48.330] [DEBUG] cheese - null
[2023-05-30T19:26:48.331] [DEBUG] cheese - null
[2023-05-30T19:27:11.774] [DEBUG] cheese - null
[2023-05-31T13:03:06.325] [DEBUG] cheese - login => username:admin,password:123456
[2023-05-31T13:03:06.327] [DEBUG] cheese - admin
[2023-05-31T13:03:06.343] [DEBUG] cheese - null
[2023-05-31T13:03:06.343] [DEBUG] cheese - null
[2023-05-31T13:27:12.976] [DEBUG] cheese - login => username:admin,password:123456
[2023-05-31T13:27:12.976] [DEBUG] cheese - admin
[2023-05-31T13:27:12.982] [DEBUG] cheese - null
[2023-05-31T13:27:12.982] [DEBUG] cheese - null
[2023-05-31T13:36:02.428] [DEBUG] cheese - login => username:admin,password:123456
[2023-05-31T13:36:02.428] [DEBUG] cheese - admin
[2023-05-31T13:36:02.430] [DEBUG] cheese - null
[2023-05-31T13:36:02.431] [DEBUG] cheese - null
[2023-05-31T13:49:06.481] [DEBUG] cheese - login => username:admin,password:123456
[2023-05-31T13:49:06.483] [DEBUG] cheese - admin
[2023-05-31T13:49:06.489] [DEBUG] cheese - null
[2023-05-31T13:49:06.489] [DEBUG] cheese - null
[2023-05-31T13:56:06.048] [DEBUG] cheese - login => username:admin,password:123456
[2023-05-31T13:56:06.049] [DEBUG] cheese - admin
[2023-05-31T13:56:06.052] [DEBUG] cheese - null
[2023-05-31T13:56:06.052] [DEBUG] cheese - null
[2023-05-31T14:21:57.793] [DEBUG] cheese - login => username:admin,password:123456
[2023-05-31T14:21:57.793] [DEBUG] cheese - admin
[2023-05-31T14:21:57.795] [DEBUG] cheese - null
[2023-05-31T14:21:57.795] [DEBUG] cheese - null
[2023-05-31T17:27:31.965] [DEBUG] cheese - login => username:admin,password:123456
[2023-05-31T17:27:31.966] [DEBUG] cheese - admin
[2023-05-31T17:27:31.979] [DEBUG] cheese - null
[2023-05-31T17:27:31.979] [DEBUG] cheese - null
[2023-05-31T17:36:31.151] [DEBUG] cheese - login => username:admin,password:123456
[2023-05-31T17:36:31.151] [DEBUG] cheese - admin
[2023-05-31T17:36:31.171] [DEBUG] cheese - null
[2023-05-31T17:36:31.171] [DEBUG] cheese - null
[2023-05-31T21:31:41.754] [DEBUG] cheese - login => username:admin,password:123456
[2023-05-31T21:31:41.755] [DEBUG] cheese - admin
[2023-05-31T21:31:41.775] [DEBUG] cheese - null
[2023-05-31T21:31:41.776] [DEBUG] cheese - null
[2023-05-31T21:36:33.035] [DEBUG] cheese - login => username:admin,password:123456
[2023-05-31T21:36:33.036] [DEBUG] cheese - admin
[2023-05-31T21:36:33.052] [DEBUG] cheese - null
[2023-05-31T21:36:33.052] [DEBUG] cheese - null
[2023-06-01T12:38:28.321] [DEBUG] cheese - login => username:admin,password:123456
[2023-06-01T12:38:28.323] [DEBUG] cheese - admin
[2023-06-01T12:38:28.335] [DEBUG] cheese - null
[2023-06-01T12:38:28.336] [DEBUG] cheese - null
[2023-06-01T17:02:09.707] [DEBUG] cheese - login => username:admin,password:123456
[2023-06-01T17:02:09.713] [DEBUG] cheese - admin
[2023-06-01T17:02:09.748] [DEBUG] cheese - null
[2023-06-01T17:02:09.748] [DEBUG] cheese - null
[2023-06-01T17:19:30.671] [DEBUG] cheese - login => username:admin,password:123456
[2023-06-01T17:19:30.674] [DEBUG] cheese - admin
[2023-06-01T17:19:30.679] [DEBUG] cheese - null
[2023-06-01T17:19:30.680] [DEBUG] cheese - null
[2023-06-01T17:24:42.523] [DEBUG] cheese - login => username:admin,password:123456
[2023-06-01T17:24:42.523] [DEBUG] cheese - admin
[2023-06-01T17:24:42.525] [DEBUG] cheese - null
[2023-06-01T17:24:42.525] [DEBUG] cheese - null
[2023-06-01T17:56:10.737] [DEBUG] cheese - login => username:admin,password:123456
[2023-06-01T17:56:10.740] [DEBUG] cheese - admin
[2023-06-01T17:56:10.754] [DEBUG] cheese - null
[2023-06-01T17:56:10.754] [DEBUG] cheese - null
[2023-06-01T18:20:20.626] [DEBUG] cheese - login => username:admin,password:123456
[2023-06-01T18:20:20.626] [DEBUG] cheese - admin
[2023-06-01T18:20:20.642] [DEBUG] cheese - null
[2023-06-01T18:20:20.642] [DEBUG] cheese - null
[2023-06-01T18:21:19.810] [DEBUG] cheese - login => username:admin,password:123456
[2023-06-01T18:21:19.812] [DEBUG] cheese - admin
[2023-06-01T18:21:19.815] [DEBUG] cheese - null
[2023-06-01T18:21:19.815] [DEBUG] cheese - null
[2023-06-01T18:26:32.745] [DEBUG] cheese - login => username:admin,password:123456
[2023-06-01T18:26:32.746] [DEBUG] cheese - admin
[2023-06-01T18:26:32.748] [DEBUG] cheese - null
[2023-06-01T18:26:32.749] [DEBUG] cheese - null
[2023-06-01T18:31:03.201] [DEBUG] cheese - login => username:admin,password:123456
[2023-06-01T18:31:03.201] [DEBUG] cheese - admin
[2023-06-01T18:31:03.213] [DEBUG] cheese - null
[2023-06-01T18:31:03.213] [DEBUG] cheese - null
[2023-06-01T18:42:54.014] [DEBUG] cheese - login => username:admin,password:123456
[2023-06-01T18:42:54.014] [DEBUG] cheese - admin
[2023-06-01T18:42:54.018] [DEBUG] cheese - null
[2023-06-01T18:42:54.018] [DEBUG] cheese - null
[2023-06-01T18:49:39.995] [DEBUG] cheese - login => username:admin,password:123456
[2023-06-01T18:49:39.995] [DEBUG] cheese - admin
[2023-06-01T18:49:39.998] [DEBUG] cheese - null
[2023-06-01T18:49:39.998] [DEBUG] cheese - null
[2023-06-01T19:03:06.962] [DEBUG] cheese - login => username:admin,password:123456
[2023-06-01T19:03:06.962] [DEBUG] cheese - admin
[2023-06-01T19:03:06.964] [DEBUG] cheese - null
[2023-06-01T19:03:06.966] [DEBUG] cheese - null
[2023-06-03T16:16:27.292] [DEBUG] cheese - login => username:admin,password:123456
[2023-06-03T16:16:27.294] [DEBUG] cheese - admin
[2023-06-03T16:16:27.328] [DEBUG] cheese - null
[2023-06-03T16:16:27.328] [DEBUG] cheese - null
[2023-06-15T22:55:50.800] [DEBUG] cheese - login => username:admin,password:123456
[2023-06-15T22:55:50.802] [DEBUG] cheese - admin
[2023-06-15T22:55:50.843] [DEBUG] cheese - null
[2023-06-15T22:55:50.843] [DEBUG] cheese - null
[2023-06-15T22:57:10.668] [DEBUG] cheese - login => username:admin,password:123456
[2023-06-15T22:57:10.668] [DEBUG] cheese - admin
[2023-06-15T22:57:10.671] [DEBUG] cheese - null
[2023-06-15T22:57:10.671] [DEBUG] cheese - null
[2023-06-16T12:40:29.037] [DEBUG] cheese - login => username:admin,password:123456
[2023-06-16T12:40:29.038] [DEBUG] cheese - admin
[2023-06-16T12:40:29.051] [DEBUG] cheese - null
[2023-06-16T12:40:29.052] [DEBUG] cheese - null
